<?xml version="1.0" encoding="UTF-8"?>
<!-- Generated by org.testng.reporters.JUnitReportReporter -->
<testsuite hostname="DESKTOP-SE2CFHJ" failures="0" tests="1" name="Practise.Demo1Test" time="0.023" errors="0" timestamp="2022-08-16T14:42:41 IST" skipped="0">
  <testcase classname="Practise.Demo1Test" name="demo1Test" time="0.023"/>
  <system-out/>
</testsuite> <!-- Practise.Demo1Test -->
